<?xml version="1.0" encoding="UTF-8"?>
<!-- Generated by org.testng.reporters.JUnitReportReporter -->
<testsuite skipped="0" hostname="LAPTOP-VIVLOTVQ" name="test.testpage.TestClss" tests="1" failures="0" timestamp="09 Dec 2018 14:48:31 GMT" time="22.525" errors="0">
  <testcase name="browserTest" time="22.525" classname="test.testpage.TestClss"/>
</testsuite> <!-- test.testpage.TestClss -->
