<?xml version="1.0" encoding="UTF-8"?>
<!-- Generated by org.testng.reporters.JUnitReportReporter -->
<testsuite skipped="0" hostname="LAPTOP-VIVLOTVQ" name="test.testpage.TestClss" tests="1" failures="0" timestamp="01 Jan 2019 14:56:13 GMT" time="18.210" errors="0">
  <testcase name="browserTest" time="18.210" classname="test.testpage.TestClss"/>
</testsuite> <!-- test.testpage.TestClss -->
